2017-01-09 18:51:35 DEBUG DispatcherServlet:118 - Initializing servlet 'mvc-dispatcher'
2017-01-09 18:51:36 DEBUG StandardServletEnvironment:109 - Adding [servletConfigInitParams] PropertySource with lowest search precedence
2017-01-09 18:51:36 DEBUG StandardServletEnvironment:109 - Adding [servletContextInitParams] PropertySource with lowest search precedence
2017-01-09 18:51:36 DEBUG StandardServletEnvironment:109 - Adding [jndiProperties] PropertySource with lowest search precedence
2017-01-09 18:51:36 DEBUG StandardServletEnvironment:109 - Adding [systemProperties] PropertySource with lowest search precedence
2017-01-09 18:51:36 DEBUG StandardServletEnvironment:109 - Adding [systemEnvironment] PropertySource with lowest search precedence
2017-01-09 18:51:36 DEBUG StandardServletEnvironment:127 - Initialized StandardServletEnvironment with PropertySources [servletConfigInitParams,servletContextInitParams,jndiProperties,systemProperties,systemEnvironment]
2017-01-09 18:51:36 INFO  DispatcherServlet:489 - FrameworkServlet 'mvc-dispatcher': initialization started
2017-01-09 18:51:36 DEBUG DispatcherServlet:617 - Servlet with name 'mvc-dispatcher' will try to create custom WebApplicationContext context of class 'org.springframework.web.context.support.XmlWebApplicationContext', using parent context [null]
2017-01-09 18:51:36 DEBUG StandardServletEnvironment:174 - Replacing [servletContextInitParams] PropertySource with [servletContextInitParams]
2017-01-09 18:51:36 DEBUG StandardServletEnvironment:174 - Replacing [servletConfigInitParams] PropertySource with [servletConfigInitParams]
2017-01-09 18:51:36 INFO  XmlWebApplicationContext:581 - Refreshing WebApplicationContext for namespace 'mvc-dispatcher-servlet': startup date [Mon Jan 09 18:51:36 AST 2017]; root of context hierarchy
2017-01-09 18:51:36 DEBUG StandardEnvironment:109 - Adding [systemProperties] PropertySource with lowest search precedence
2017-01-09 18:51:36 DEBUG StandardEnvironment:109 - Adding [systemEnvironment] PropertySource with lowest search precedence
2017-01-09 18:51:36 DEBUG StandardEnvironment:127 - Initialized StandardEnvironment with PropertySources [systemProperties,systemEnvironment]
2017-01-09 18:51:36 INFO  XmlBeanDefinitionReader:317 - Loading XML bean definitions from ServletContext resource [/WEB-INF/mvc-dispatcher-servlet.xml]
2017-01-09 18:51:36 DEBUG DefaultDocumentLoader:73 - Using JAXP provider [com.sun.org.apache.xerces.internal.jaxp.DocumentBuilderFactoryImpl]
2017-01-09 18:51:36 DEBUG PluggableSchemaResolver:141 - Loading schema mappings from [META-INF/spring.schemas]
2017-01-09 18:51:36 DEBUG PluggableSchemaResolver:147 - Loaded schema mappings: {http://www.springframework.org/schema/cache/spring-cache-4.2.xsd=org/springframework/cache/config/spring-cache-4.2.xsd, http://www.springframework.org/schema/aop/spring-aop-4.1.xsd=org/springframework/aop/config/spring-aop-4.1.xsd, http://www.springframework.org/schema/context/spring-context-3.1.xsd=org/springframework/context/config/spring-context-3.1.xsd, http://www.springframework.org/schema/mvc/spring-mvc-4.1.xsd=org/springframework/web/servlet/config/spring-mvc-4.1.xsd, http://www.springframework.org/schema/util/spring-util-3.0.xsd=org/springframework/beans/factory/xml/spring-util-3.0.xsd, http://www.springframework.org/schema/tool/spring-tool.xsd=org/springframework/beans/factory/xml/spring-tool-4.3.xsd, http://www.springframework.org/schema/aop/spring-aop-3.2.xsd=org/springframework/aop/config/spring-aop-3.2.xsd, http://www.springframework.org/schema/lang/spring-lang-4.1.xsd=org/springframework/scripting/config/spring-lang-4.1.xsd, http://www.springframework.org/schema/context/spring-context-4.0.xsd=org/springframework/context/config/spring-context-4.0.xsd, http://www.springframework.org/schema/mvc/spring-mvc-3.2.xsd=org/springframework/web/servlet/config/spring-mvc-3.2.xsd, http://www.springframework.org/schema/beans/spring-beans-4.2.xsd=org/springframework/beans/factory/xml/spring-beans-4.2.xsd, http://www.springframework.org/schema/tool/spring-tool-4.1.xsd=org/springframework/beans/factory/xml/spring-tool-4.1.xsd, http://www.springframework.org/schema/lang/spring-lang-3.2.xsd=org/springframework/scripting/config/spring-lang-3.2.xsd, http://www.springframework.org/schema/cache/spring-cache-3.2.xsd=org/springframework/cache/config/spring-cache-3.2.xsd, http://www.springframework.org/schema/jee/spring-jee-4.1.xsd=org/springframework/ejb/config/spring-jee-4.1.xsd, http://www.springframework.org/schema/task/spring-task-4.2.xsd=org/springframework/scheduling/config/spring-task-4.2.xsd, http://www.springframework.org/schema/util/spring-util-2.0.xsd=org/springframework/beans/factory/xml/spring-util-2.0.xsd, http://www.springframework.org/schema/tool/spring-tool-3.2.xsd=org/springframework/beans/factory/xml/spring-tool-3.2.xsd, http://www.springframework.org/schema/context/spring-context.xsd=org/springframework/context/config/spring-context-4.3.xsd, http://www.springframework.org/schema/cache/spring-cache-4.1.xsd=org/springframework/cache/config/spring-cache-4.1.xsd, http://www.springframework.org/schema/aop/spring-aop-4.0.xsd=org/springframework/aop/config/spring-aop-4.0.xsd, http://www.springframework.org/schema/jee/spring-jee-3.2.xsd=org/springframework/ejb/config/spring-jee-3.2.xsd, http://www.springframework.org/schema/context/spring-context-3.0.xsd=org/springframework/context/config/spring-context-3.0.xsd, http://www.springframework.org/schema/mvc/spring-mvc-4.0.xsd=org/springframework/web/servlet/config/spring-mvc-4.0.xsd, http://www.springframework.org/schema/util/spring-util-2.5.xsd=org/springframework/beans/factory/xml/spring-util-2.5.xsd, http://www.springframework.org/schema/util/spring-util-4.3.xsd=org/springframework/beans/factory/xml/spring-util-4.3.xsd, http://www.springframework.org/schema/beans/spring-beans-3.2.xsd=org/springframework/beans/factory/xml/spring-beans-3.2.xsd, http://www.springframework.org/schema/aop/spring-aop-3.1.xsd=org/springframework/aop/config/spring-aop-3.1.xsd, http://www.springframework.org/schema/lang/spring-lang-4.0.xsd=org/springframework/scripting/config/spring-lang-4.0.xsd, http://www.springframework.org/schema/mvc/spring-mvc.xsd=org/springframework/web/servlet/config/spring-mvc-4.3.xsd, http://www.springframework.org/schema/mvc/spring-mvc-3.1.xsd=org/springframework/web/servlet/config/spring-mvc-3.1.xsd, http://www.springframework.org/schema/beans/spring-beans-4.1.xsd=org/springframework/beans/factory/xml/spring-beans-4.1.xsd, http://www.springframework.org/schema/tool/spring-tool-4.0.xsd=org/springframework/beans/factory/xml/spring-tool-4.0.xsd, http://www.springframework.org/schema/lang/spring-lang-3.1.xsd=org/springframework/scripting/config/spring-lang-3.1.xsd, http://www.springframework.org/schema/cache/spring-cache-3.1.xsd=org/springframework/cache/config/spring-cache-3.1.xsd, http://www.springframework.org/schema/jee/spring-jee-4.0.xsd=org/springframework/ejb/config/spring-jee-4.0.xsd, http://www.springframework.org/schema/task/spring-task-4.1.xsd=org/springframework/scheduling/config/spring-task-4.1.xsd, http://www.springframework.org/schema/tool/spring-tool-3.1.xsd=org/springframework/beans/factory/xml/spring-tool-3.1.xsd, http://www.springframework.org/schema/cache/spring-cache-4.0.xsd=org/springframework/cache/config/spring-cache-4.0.xsd, http://www.springframework.org/schema/jee/spring-jee-3.1.xsd=org/springframework/ejb/config/spring-jee-3.1.xsd, http://www.springframework.org/schema/task/spring-task-3.2.xsd=org/springframework/scheduling/config/spring-task-3.2.xsd, http://www.springframework.org/schema/util/spring-util-4.2.xsd=org/springframework/beans/factory/xml/spring-util-4.2.xsd, http://www.springframework.org/schema/beans/spring-beans-3.1.xsd=org/springframework/beans/factory/xml/spring-beans-3.1.xsd, http://www.springframework.org/schema/util/spring-util.xsd=org/springframework/beans/factory/xml/spring-util-4.3.xsd, http://www.springframework.org/schema/aop/spring-aop-3.0.xsd=org/springframework/aop/config/spring-aop-3.0.xsd, http://www.springframework.org/schema/mvc/spring-mvc-3.0.xsd=org/springframework/web/servlet/config/spring-mvc-3.0.xsd, http://www.springframework.org/schema/beans/spring-beans-4.0.xsd=org/springframework/beans/factory/xml/spring-beans-4.0.xsd, http://www.springframework.org/schema/beans/spring-beans.xsd=org/springframework/beans/factory/xml/spring-beans-4.3.xsd, http://www.springframework.org/schema/lang/spring-lang-3.0.xsd=org/springframework/scripting/config/spring-lang-3.0.xsd, http://www.springframework.org/schema/context/spring-context-2.5.xsd=org/springframework/context/config/spring-context-2.5.xsd, http://www.springframework.org/schema/context/spring-context-4.3.xsd=org/springframework/context/config/spring-context-4.3.xsd, http://www.springframework.org/schema/task/spring-task-4.0.xsd=org/springframework/scheduling/config/spring-task-4.0.xsd, http://www.springframework.org/schema/tool/spring-tool-3.0.xsd=org/springframework/beans/factory/xml/spring-tool-3.0.xsd, http://www.springframework.org/schema/aop/spring-aop-2.0.xsd=org/springframework/aop/config/spring-aop-2.0.xsd, http://www.springframework.org/schema/jee/spring-jee-3.0.xsd=org/springframework/ejb/config/spring-jee-3.0.xsd, http://www.springframework.org/schema/util/spring-util-4.1.xsd=org/springframework/beans/factory/xml/spring-util-4.1.xsd, http://www.springframework.org/schema/task/spring-task-3.1.xsd=org/springframework/scheduling/config/spring-task-3.1.xsd, http://www.springframework.org/schema/beans/spring-beans-3.0.xsd=org/springframework/beans/factory/xml/spring-beans-3.0.xsd, http://www.springframework.org/schema/jee/spring-jee.xsd=org/springframework/ejb/config/spring-jee-4.3.xsd, http://www.springframework.org/schema/aop/spring-aop-2.5.xsd=org/springframework/aop/config/spring-aop-2.5.xsd, http://www.springframework.org/schema/aop/spring-aop-4.3.xsd=org/springframework/aop/config/spring-aop-4.3.xsd, http://www.springframework.org/schema/lang/spring-lang-2.0.xsd=org/springframework/scripting/config/spring-lang-2.0.xsd, http://www.springframework.org/schema/mvc/spring-mvc-4.3.xsd=org/springframework/web/servlet/config/spring-mvc-4.3.xsd, http://www.springframework.org/schema/util/spring-util-3.2.xsd=org/springframework/beans/factory/xml/spring-util-3.2.xsd, http://www.springframework.org/schema/task/spring-task.xsd=org/springframework/scheduling/config/spring-task-4.3.xsd, http://www.springframework.org/schema/tool/spring-tool-2.0.xsd=org/springframework/beans/factory/xml/spring-tool-2.0.xsd, http://www.springframework.org/schema/lang/spring-lang-2.5.xsd=org/springframework/scripting/config/spring-lang-2.5.xsd, http://www.springframework.org/schema/lang/spring-lang-4.3.xsd=org/springframework/scripting/config/spring-lang-4.3.xsd, http://www.springframework.org/schema/context/spring-context-4.2.xsd=org/springframework/context/config/spring-context-4.2.xsd, http://www.springframework.org/schema/jee/spring-jee-2.0.xsd=org/springframework/ejb/config/spring-jee-2.0.xsd, http://www.springframework.org/schema/tool/spring-tool-4.3.xsd=org/springframework/beans/factory/xml/spring-tool-4.3.xsd, http://www.springframework.org/schema/tool/spring-tool-2.5.xsd=org/springframework/beans/factory/xml/spring-tool-2.5.xsd, http://www.springframework.org/schema/jee/spring-jee-4.3.xsd=org/springframework/ejb/config/spring-jee-4.3.xsd, http://www.springframework.org/schema/jee/spring-jee-2.5.xsd=org/springframework/ejb/config/spring-jee-2.5.xsd, http://www.springframework.org/schema/util/spring-util-4.0.xsd=org/springframework/beans/factory/xml/spring-util-4.0.xsd, http://www.springframework.org/schema/task/spring-task-3.0.xsd=org/springframework/scheduling/config/spring-task-3.0.xsd, http://www.springframework.org/schema/cache/spring-cache-4.3.xsd=org/springframework/cache/config/spring-cache-4.3.xsd, http://www.springframework.org/schema/aop/spring-aop-4.2.xsd=org/springframework/aop/config/spring-aop-4.2.xsd, http://www.springframework.org/schema/lang/spring-lang.xsd=org/springframework/scripting/config/spring-lang-4.3.xsd, http://www.springframework.org/schema/context/spring-context-3.2.xsd=org/springframework/context/config/spring-context-3.2.xsd, http://www.springframework.org/schema/mvc/spring-mvc-4.2.xsd=org/springframework/web/servlet/config/spring-mvc-4.2.xsd, http://www.springframework.org/schema/util/spring-util-3.1.xsd=org/springframework/beans/factory/xml/spring-util-3.1.xsd, http://www.springframework.org/schema/beans/spring-beans-2.0.xsd=org/springframework/beans/factory/xml/spring-beans-2.0.xsd, http://www.springframework.org/schema/cache/spring-cache.xsd=org/springframework/cache/config/spring-cache-4.3.xsd, http://www.springframework.org/schema/lang/spring-lang-4.2.xsd=org/springframework/scripting/config/spring-lang-4.2.xsd, http://www.springframework.org/schema/context/spring-context-4.1.xsd=org/springframework/context/config/spring-context-4.1.xsd, http://www.springframework.org/schema/beans/spring-beans-2.5.xsd=org/springframework/beans/factory/xml/spring-beans-2.5.xsd, http://www.springframework.org/schema/beans/spring-beans-4.3.xsd=org/springframework/beans/factory/xml/spring-beans-4.3.xsd, http://www.springframework.org/schema/tool/spring-tool-4.2.xsd=org/springframework/beans/factory/xml/spring-tool-4.2.xsd, http://www.springframework.org/schema/jee/spring-jee-4.2.xsd=org/springframework/ejb/config/spring-jee-4.2.xsd, http://www.springframework.org/schema/task/spring-task-4.3.xsd=org/springframework/scheduling/config/spring-task-4.3.xsd, http://www.springframework.org/schema/aop/spring-aop.xsd=org/springframework/aop/config/spring-aop-4.3.xsd}
2017-01-09 18:51:36 DEBUG PluggableSchemaResolver:119 - Found XML schema [http://www.springframework.org/schema/beans/spring-beans.xsd] in classpath: org/springframework/beans/factory/xml/spring-beans-4.3.xsd
2017-01-09 18:51:36 DEBUG PluggableSchemaResolver:119 - Found XML schema [http://www.springframework.org/schema/context/spring-context.xsd] in classpath: org/springframework/context/config/spring-context-4.3.xsd
2017-01-09 18:51:36 DEBUG PluggableSchemaResolver:119 - Found XML schema [http://www.springframework.org/schema/tool/spring-tool-4.3.xsd] in classpath: org/springframework/beans/factory/xml/spring-tool-4.3.xsd
2017-01-09 18:51:36 DEBUG PluggableSchemaResolver:119 - Found XML schema [http://www.springframework.org/schema/mvc/spring-mvc.xsd] in classpath: org/springframework/web/servlet/config/spring-mvc-4.3.xsd
2017-01-09 18:51:36 DEBUG DefaultBeanDefinitionDocumentReader:92 - Loading bean definitions
2017-01-09 18:51:36 DEBUG DefaultNamespaceHandlerResolver:157 - Loaded NamespaceHandler mappings: {http://www.springframework.org/schema/p=org.springframework.beans.factory.xml.SimplePropertyNamespaceHandler, http://www.springframework.org/schema/mvc=org.springframework.web.servlet.config.MvcNamespaceHandler, http://www.springframework.org/schema/util=org.springframework.beans.factory.xml.UtilNamespaceHandler, http://www.springframework.org/schema/jee=org.springframework.ejb.config.JeeNamespaceHandler, http://www.springframework.org/schema/aop=org.springframework.aop.config.AopNamespaceHandler, http://www.springframework.org/schema/cache=org.springframework.cache.config.CacheNamespaceHandler, http://www.springframework.org/schema/c=org.springframework.beans.factory.xml.SimpleConstructorNamespaceHandler, http://www.springframework.org/schema/task=org.springframework.scheduling.config.TaskNamespaceHandler, http://www.springframework.org/schema/lang=org.springframework.scripting.config.LangNamespaceHandler, http://www.springframework.org/schema/context=org.springframework.context.config.ContextNamespaceHandler}
2017-01-09 18:51:36 DEBUG StandardEnvironment:109 - Adding [systemProperties] PropertySource with lowest search precedence
2017-01-09 18:51:36 DEBUG StandardEnvironment:109 - Adding [systemEnvironment] PropertySource with lowest search precedence
2017-01-09 18:51:36 DEBUG StandardEnvironment:127 - Initialized StandardEnvironment with PropertySources [systemProperties,systemEnvironment]
2017-01-09 18:51:36 DEBUG ClassPathBeanDefinitionScanner:244 - JSR-250 'javax.annotation.ManagedBean' found and supported for component scanning
2017-01-09 18:51:36 DEBUG PathMatchingResourcePatternResolver:317 - Resolved classpath location [com/onlineocr/nick/] to resources [URL [file:/D:/WORK_Java/IDE%2014/OnlineOCR/target/OnlineOCR/WEB-INF/classes/com/onlineocr/nick/]]
2017-01-09 18:51:36 DEBUG PathMatchingResourcePatternResolver:711 - Looking for matching resources in directory tree [D:\WORK_Java\IDE 14\OnlineOCR\target\OnlineOCR\WEB-INF\classes\com\onlineocr\nick]
2017-01-09 18:51:36 DEBUG PathMatchingResourcePatternResolver:773 - Searching directory [D:\WORK_Java\IDE 14\OnlineOCR\target\OnlineOCR\WEB-INF\classes\com\onlineocr\nick] for files matching pattern [D:/WORK_Java/IDE 14/OnlineOCR/target/OnlineOCR/WEB-INF/classes/com/onlineocr/nick/**/*.class]
2017-01-09 18:51:36 DEBUG PathMatchingResourcePatternResolver:773 - Searching directory [D:\WORK_Java\IDE 14\OnlineOCR\target\OnlineOCR\WEB-INF\classes\com\onlineocr\nick\configuration] for files matching pattern [D:/WORK_Java/IDE 14/OnlineOCR/target/OnlineOCR/WEB-INF/classes/com/onlineocr/nick/**/*.class]
2017-01-09 18:51:36 DEBUG PathMatchingResourcePatternResolver:773 - Searching directory [D:\WORK_Java\IDE 14\OnlineOCR\target\OnlineOCR\WEB-INF\classes\com\onlineocr\nick\controller] for files matching pattern [D:/WORK_Java/IDE 14/OnlineOCR/target/OnlineOCR/WEB-INF/classes/com/onlineocr/nick/**/*.class]
2017-01-09 18:51:36 DEBUG PathMatchingResourcePatternResolver:773 - Searching directory [D:\WORK_Java\IDE 14\OnlineOCR\target\OnlineOCR\WEB-INF\classes\com\onlineocr\nick\DAO] for files matching pattern [D:/WORK_Java/IDE 14/OnlineOCR/target/OnlineOCR/WEB-INF/classes/com/onlineocr/nick/**/*.class]
2017-01-09 18:51:36 DEBUG PathMatchingResourcePatternResolver:773 - Searching directory [D:\WORK_Java\IDE 14\OnlineOCR\target\OnlineOCR\WEB-INF\classes\com\onlineocr\nick\model] for files matching pattern [D:/WORK_Java/IDE 14/OnlineOCR/target/OnlineOCR/WEB-INF/classes/com/onlineocr/nick/**/*.class]
2017-01-09 18:51:36 DEBUG PathMatchingResourcePatternResolver:483 - Resolved location pattern [classpath*:com/onlineocr/nick/**/*.class] to resources [file [D:\WORK_Java\IDE 14\OnlineOCR\target\OnlineOCR\WEB-INF\classes\com\onlineocr\nick\configuration\HibernateConfiguration.class], file [D:\WORK_Java\IDE 14\OnlineOCR\target\OnlineOCR\WEB-INF\classes\com\onlineocr\nick\controller\OcrServiceController.class], file [D:\WORK_Java\IDE 14\OnlineOCR\target\OnlineOCR\WEB-INF\classes\com\onlineocr\nick\DAO\UserDAO.class], file [D:\WORK_Java\IDE 14\OnlineOCR\target\OnlineOCR\WEB-INF\classes\com\onlineocr\nick\model\City.class], file [D:\WORK_Java\IDE 14\OnlineOCR\target\OnlineOCR\WEB-INF\classes\com\onlineocr\nick\model\Country.class], file [D:\WORK_Java\IDE 14\OnlineOCR\target\OnlineOCR\WEB-INF\classes\com\onlineocr\nick\model\User.class]]
2017-01-09 18:51:36 DEBUG ClassPathBeanDefinitionScanner:286 - Identified candidate component class: file [D:\WORK_Java\IDE 14\OnlineOCR\target\OnlineOCR\WEB-INF\classes\com\onlineocr\nick\configuration\HibernateConfiguration.class]
2017-01-09 18:51:36 DEBUG ClassPathBeanDefinitionScanner:286 - Identified candidate component class: file [D:\WORK_Java\IDE 14\OnlineOCR\target\OnlineOCR\WEB-INF\classes\com\onlineocr\nick\controller\OcrServiceController.class]
2017-01-09 18:51:36 DEBUG BeanDefinitionParserDelegate:481 - Neither XML 'id' nor 'name' specified - using generated bean name [org.springframework.web.servlet.view.InternalResourceViewResolver#0]
2017-01-09 18:51:36 DEBUG XmlBeanDefinitionReader:224 - Loaded 29 bean definitions from location pattern [/WEB-INF/mvc-dispatcher-servlet.xml]
2017-01-09 18:51:36 DEBUG XmlWebApplicationContext:615 - Bean factory for WebApplicationContext for namespace 'mvc-dispatcher-servlet': org.springframework.beans.factory.support.DefaultListableBeanFactory@25b4013d: defining beans [hibernateConfiguration,ocrServiceController,org.springframework.context.annotation.internalConfigurationAnnotationProcessor,org.springframework.context.annotation.internalAutowiredAnnotationProcessor,org.springframework.context.annotation.internalRequiredAnnotationProcessor,org.springframework.context.annotation.internalCommonAnnotationProcessor,org.springframework.context.event.internalEventListenerProcessor,org.springframework.context.event.internalEventListenerFactory,mvcContentNegotiationManager,org.springframework.web.servlet.mvc.method.annotation.RequestMappingHandlerMapping,mvcCorsConfigurations,org.springframework.format.support.FormattingConversionServiceFactoryBean#0,org.springframework.validation.beanvalidation.OptionalValidatorFactoryBean#0,org.springframework.web.servlet.mvc.method.annotation.RequestMappingHandlerAdapter,mvcUriComponentsContributor,org.springframework.web.servlet.handler.MappedInterceptor#0,org.springframework.web.servlet.mvc.method.annotation.ExceptionHandlerExceptionResolver#0,org.springframework.web.servlet.mvc.annotation.ResponseStatusExceptionResolver#0,org.springframework.web.servlet.mvc.support.DefaultHandlerExceptionResolver#0,org.springframework.web.servlet.handler.BeanNameUrlHandlerMapping,org.springframework.web.servlet.mvc.HttpRequestHandlerAdapter,org.springframework.web.servlet.mvc.SimpleControllerHandlerAdapter,mvcResourceUrlProvider,org.springframework.web.servlet.handler.MappedInterceptor#1,org.springframework.web.servlet.resource.ResourceHttpRequestHandler#0,mvcPathMatcher,mvcUrlPathHelper,org.springframework.web.servlet.handler.SimpleUrlHandlerMapping#0,org.springframework.web.servlet.view.InternalResourceViewResolver#0]; root of factory hierarchy
2017-01-09 18:51:36 DEBUG DefaultListableBeanFactory:879 - Registering scope 'request' with implementation [org.springframework.web.context.request.RequestScope@3f89f032]
2017-01-09 18:51:36 DEBUG DefaultListableBeanFactory:879 - Registering scope 'session' with implementation [org.springframework.web.context.request.SessionScope@7c9a7182]
2017-01-09 18:51:36 DEBUG DefaultListableBeanFactory:879 - Registering scope 'globalSession' with implementation [org.springframework.web.context.request.SessionScope@c620643]
2017-01-09 18:51:36 DEBUG DefaultListableBeanFactory:879 - Registering scope 'application' with implementation [org.springframework.web.context.support.ServletContextScope@474c4000]
2017-01-09 18:51:36 DEBUG DefaultListableBeanFactory:221 - Creating shared instance of singleton bean 'org.springframework.context.annotation.internalConfigurationAnnotationProcessor'
2017-01-09 18:51:36 DEBUG DefaultListableBeanFactory:448 - Creating instance of bean 'org.springframework.context.annotation.internalConfigurationAnnotationProcessor'
2017-01-09 18:51:36 DEBUG DefaultListableBeanFactory:529 - Eagerly caching bean 'org.springframework.context.annotation.internalConfigurationAnnotationProcessor' to allow for resolving potential circular references
2017-01-09 18:51:36 DEBUG DefaultListableBeanFactory:484 - Finished creating instance of bean 'org.springframework.context.annotation.internalConfigurationAnnotationProcessor'
2017-01-09 18:51:37 DEBUG ConfigurationClassEnhancer:109 - Successfully enhanced com.onlineocr.nick.configuration.HibernateConfiguration; enhanced class name is: com.onlineocr.nick.configuration.HibernateConfiguration$$EnhancerBySpringCGLIB$$40540baf
2017-01-09 18:51:37 DEBUG ConfigurationClassPostProcessor:409 - Replacing bean definition 'hibernateConfiguration' existing class 'com.onlineocr.nick.configuration.HibernateConfiguration' with enhanced class 'com.onlineocr.nick.configuration.HibernateConfiguration$$EnhancerBySpringCGLIB$$40540baf'
2017-01-09 18:51:37 DEBUG DefaultListableBeanFactory:221 - Creating shared instance of singleton bean 'org.springframework.context.annotation.internalAutowiredAnnotationProcessor'
2017-01-09 18:51:37 DEBUG DefaultListableBeanFactory:448 - Creating instance of bean 'org.springframework.context.annotation.internalAutowiredAnnotationProcessor'
2017-01-09 18:51:37 DEBUG DefaultListableBeanFactory:529 - Eagerly caching bean 'org.springframework.context.annotation.internalAutowiredAnnotationProcessor' to allow for resolving potential circular references
2017-01-09 18:51:37 DEBUG DefaultListableBeanFactory:484 - Finished creating instance of bean 'org.springframework.context.annotation.internalAutowiredAnnotationProcessor'
2017-01-09 18:51:37 DEBUG DefaultListableBeanFactory:221 - Creating shared instance of singleton bean 'org.springframework.context.annotation.internalRequiredAnnotationProcessor'
2017-01-09 18:51:37 DEBUG DefaultListableBeanFactory:448 - Creating instance of bean 'org.springframework.context.annotation.internalRequiredAnnotationProcessor'
2017-01-09 18:51:37 DEBUG DefaultListableBeanFactory:529 - Eagerly caching bean 'org.springframework.context.annotation.internalRequiredAnnotationProcessor' to allow for resolving potential circular references
2017-01-09 18:51:37 DEBUG DefaultListableBeanFactory:484 - Finished creating instance of bean 'org.springframework.context.annotation.internalRequiredAnnotationProcessor'
2017-01-09 18:51:37 DEBUG DefaultListableBeanFactory:221 - Creating shared instance of singleton bean 'org.springframework.context.annotation.internalCommonAnnotationProcessor'
2017-01-09 18:51:37 DEBUG DefaultListableBeanFactory:448 - Creating instance of bean 'org.springframework.context.annotation.internalCommonAnnotationProcessor'
2017-01-09 18:51:37 DEBUG DefaultListableBeanFactory:529 - Eagerly caching bean 'org.springframework.context.annotation.internalCommonAnnotationProcessor' to allow for resolving potential circular references
2017-01-09 18:51:37 DEBUG DefaultListableBeanFactory:484 - Finished creating instance of bean 'org.springframework.context.annotation.internalCommonAnnotationProcessor'
2017-01-09 18:51:37 DEBUG DefaultListableBeanFactory:221 - Creating shared instance of singleton bean 'org.springframework.context.annotation.ConfigurationClassPostProcessor.importAwareProcessor'
2017-01-09 18:51:37 DEBUG DefaultListableBeanFactory:448 - Creating instance of bean 'org.springframework.context.annotation.ConfigurationClassPostProcessor.importAwareProcessor'
2017-01-09 18:51:37 DEBUG DefaultListableBeanFactory:529 - Eagerly caching bean 'org.springframework.context.annotation.ConfigurationClassPostProcessor.importAwareProcessor' to allow for resolving potential circular references
2017-01-09 18:51:37 DEBUG DefaultListableBeanFactory:484 - Finished creating instance of bean 'org.springframework.context.annotation.ConfigurationClassPostProcessor.importAwareProcessor'
2017-01-09 18:51:37 DEBUG DefaultListableBeanFactory:221 - Creating shared instance of singleton bean 'org.springframework.context.annotation.ConfigurationClassPostProcessor.enhancedConfigurationProcessor'
2017-01-09 18:51:37 DEBUG DefaultListableBeanFactory:448 - Creating instance of bean 'org.springframework.context.annotation.ConfigurationClassPostProcessor.enhancedConfigurationProcessor'
2017-01-09 18:51:37 DEBUG DefaultListableBeanFactory:529 - Eagerly caching bean 'org.springframework.context.annotation.ConfigurationClassPostProcessor.enhancedConfigurationProcessor' to allow for resolving potential circular references
2017-01-09 18:51:37 DEBUG DefaultListableBeanFactory:484 - Finished creating instance of bean 'org.springframework.context.annotation.ConfigurationClassPostProcessor.enhancedConfigurationProcessor'
2017-01-09 18:51:37 DEBUG XmlWebApplicationContext:728 - Unable to locate MessageSource with name 'messageSource': using default [org.springframework.context.support.DelegatingMessageSource@cc570bf]
2017-01-09 18:51:37 DEBUG XmlWebApplicationContext:752 - Unable to locate ApplicationEventMulticaster with name 'applicationEventMulticaster': using default [org.springframework.context.event.SimpleApplicationEventMulticaster@2dd1a1ae]
2017-01-09 18:51:37 DEBUG UiApplicationContextUtils:85 - Unable to locate ThemeSource with name 'themeSource': using default [org.springframework.ui.context.support.ResourceBundleThemeSource@4656c42b]
2017-01-09 18:51:37 DEBUG DefaultListableBeanFactory:745 - Pre-instantiating singletons in org.springframework.beans.factory.support.DefaultListableBeanFactory@25b4013d: defining beans [hibernateConfiguration,ocrServiceController,org.springframework.context.annotation.internalConfigurationAnnotationProcessor,org.springframework.context.annotation.internalAutowiredAnnotationProcessor,org.springframework.context.annotation.internalRequiredAnnotationProcessor,org.springframework.context.annotation.internalCommonAnnotationProcessor,org.springframework.context.event.internalEventListenerProcessor,org.springframework.context.event.internalEventListenerFactory,mvcContentNegotiationManager,org.springframework.web.servlet.mvc.method.annotation.RequestMappingHandlerMapping,mvcCorsConfigurations,org.springframework.format.support.FormattingConversionServiceFactoryBean#0,org.springframework.validation.beanvalidation.OptionalValidatorFactoryBean#0,org.springframework.web.servlet.mvc.method.annotation.RequestMappingHandlerAdapter,mvcUriComponentsContributor,org.springframework.web.servlet.handler.MappedInterceptor#0,org.springframework.web.servlet.mvc.method.annotation.ExceptionHandlerExceptionResolver#0,org.springframework.web.servlet.mvc.annotation.ResponseStatusExceptionResolver#0,org.springframework.web.servlet.mvc.support.DefaultHandlerExceptionResolver#0,org.springframework.web.servlet.handler.BeanNameUrlHandlerMapping,org.springframework.web.servlet.mvc.HttpRequestHandlerAdapter,org.springframework.web.servlet.mvc.SimpleControllerHandlerAdapter,mvcResourceUrlProvider,org.springframework.web.servlet.handler.MappedInterceptor#1,org.springframework.web.servlet.resource.ResourceHttpRequestHandler#0,mvcPathMatcher,mvcUrlPathHelper,org.springframework.web.servlet.handler.SimpleUrlHandlerMapping#0,org.springframework.web.servlet.view.InternalResourceViewResolver#0,org.springframework.context.annotation.ConfigurationClassPostProcessor.importAwareProcessor,org.springframework.context.annotation.ConfigurationClassPostProcessor.enhancedConfigurationProcessor]; root of factory hierarchy
2017-01-09 18:51:37 DEBUG DefaultListableBeanFactory:221 - Creating shared instance of singleton bean 'hibernateConfiguration'
2017-01-09 18:51:37 DEBUG DefaultListableBeanFactory:448 - Creating instance of bean 'hibernateConfiguration'
2017-01-09 18:51:37 DEBUG DefaultListableBeanFactory:529 - Eagerly caching bean 'hibernateConfiguration' to allow for resolving potential circular references
2017-01-09 18:51:37 DEBUG DefaultListableBeanFactory:484 - Finished creating instance of bean 'hibernateConfiguration'
2017-01-09 18:51:37 DEBUG DefaultListableBeanFactory:221 - Creating shared instance of singleton bean 'ocrServiceController'
2017-01-09 18:51:37 DEBUG DefaultListableBeanFactory:448 - Creating instance of bean 'ocrServiceController'
2017-01-09 18:51:37 DEBUG DefaultListableBeanFactory:529 - Eagerly caching bean 'ocrServiceController' to allow for resolving potential circular references
2017-01-09 18:51:37 DEBUG DefaultListableBeanFactory:484 - Finished creating instance of bean 'ocrServiceController'
2017-01-09 18:51:37 DEBUG DefaultListableBeanFactory:251 - Returning cached instance of singleton bean 'org.springframework.context.annotation.internalConfigurationAnnotationProcessor'
2017-01-09 18:51:37 DEBUG DefaultListableBeanFactory:251 - Returning cached instance of singleton bean 'org.springframework.context.annotation.internalAutowiredAnnotationProcessor'
2017-01-09 18:51:37 DEBUG DefaultListableBeanFactory:251 - Returning cached instance of singleton bean 'org.springframework.context.annotation.internalRequiredAnnotationProcessor'
2017-01-09 18:51:37 DEBUG DefaultListableBeanFactory:251 - Returning cached instance of singleton bean 'org.springframework.context.annotation.internalCommonAnnotationProcessor'
2017-01-09 18:51:37 DEBUG DefaultListableBeanFactory:221 - Creating shared instance of singleton bean 'org.springframework.context.event.internalEventListenerProcessor'
2017-01-09 18:51:37 DEBUG DefaultListableBeanFactory:448 - Creating instance of bean 'org.springframework.context.event.internalEventListenerProcessor'
2017-01-09 18:51:37 DEBUG DefaultListableBeanFactory:529 - Eagerly caching bean 'org.springframework.context.event.internalEventListenerProcessor' to allow for resolving potential circular references
2017-01-09 18:51:37 DEBUG DefaultListableBeanFactory:484 - Finished creating instance of bean 'org.springframework.context.event.internalEventListenerProcessor'
2017-01-09 18:51:37 DEBUG DefaultListableBeanFactory:221 - Creating shared instance of singleton bean 'org.springframework.context.event.internalEventListenerFactory'
2017-01-09 18:51:37 DEBUG DefaultListableBeanFactory:448 - Creating instance of bean 'org.springframework.context.event.internalEventListenerFactory'
2017-01-09 18:51:37 DEBUG DefaultListableBeanFactory:529 - Eagerly caching bean 'org.springframework.context.event.internalEventListenerFactory' to allow for resolving potential circular references
2017-01-09 18:51:37 DEBUG DefaultListableBeanFactory:484 - Finished creating instance of bean 'org.springframework.context.event.internalEventListenerFactory'
2017-01-09 18:51:37 DEBUG DefaultListableBeanFactory:221 - Creating shared instance of singleton bean 'mvcContentNegotiationManager'
2017-01-09 18:51:37 DEBUG DefaultListableBeanFactory:448 - Creating instance of bean 'mvcContentNegotiationManager'
2017-01-09 18:51:37 DEBUG DefaultListableBeanFactory:529 - Eagerly caching bean 'mvcContentNegotiationManager' to allow for resolving potential circular references
2017-01-09 18:51:37 DEBUG DefaultListableBeanFactory:1620 - Invoking afterPropertiesSet() on bean with name 'mvcContentNegotiationManager'
2017-01-09 18:51:37 DEBUG DefaultListableBeanFactory:484 - Finished creating instance of bean 'mvcContentNegotiationManager'
2017-01-09 18:51:37 DEBUG DefaultListableBeanFactory:221 - Creating shared instance of singleton bean 'org.springframework.web.servlet.mvc.method.annotation.RequestMappingHandlerMapping'
2017-01-09 18:51:37 DEBUG DefaultListableBeanFactory:448 - Creating instance of bean 'org.springframework.web.servlet.mvc.method.annotation.RequestMappingHandlerMapping'
2017-01-09 18:51:37 DEBUG DefaultListableBeanFactory:529 - Eagerly caching bean 'org.springframework.web.servlet.mvc.method.annotation.RequestMappingHandlerMapping' to allow for resolving potential circular references
2017-01-09 18:51:37 DEBUG DefaultListableBeanFactory:251 - Returning cached instance of singleton bean 'mvcContentNegotiationManager'
2017-01-09 18:51:37 DEBUG DefaultListableBeanFactory:221 - Creating shared instance of singleton bean 'mvcCorsConfigurations'
2017-01-09 18:51:37 DEBUG DefaultListableBeanFactory:448 - Creating instance of bean 'mvcCorsConfigurations'
2017-01-09 18:51:37 DEBUG DefaultListableBeanFactory:529 - Eagerly caching bean 'mvcCorsConfigurations' to allow for resolving potential circular references
2017-01-09 18:51:37 DEBUG DefaultListableBeanFactory:484 - Finished creating instance of bean 'mvcCorsConfigurations'
2017-01-09 18:51:37 DEBUG DefaultListableBeanFactory:221 - Creating shared instance of singleton bean 'org.springframework.web.servlet.handler.MappedInterceptor#0'
2017-01-09 18:51:37 DEBUG DefaultListableBeanFactory:448 - Creating instance of bean 'org.springframework.web.servlet.handler.MappedInterceptor#0'
2017-01-09 18:51:37 DEBUG DefaultListableBeanFactory:448 - Creating instance of bean '(inner bean)#be75d9b'
2017-01-09 18:51:37 DEBUG DefaultListableBeanFactory:221 - Creating shared instance of singleton bean 'org.springframework.format.support.FormattingConversionServiceFactoryBean#0'
2017-01-09 18:51:37 DEBUG DefaultListableBeanFactory:448 - Creating instance of bean 'org.springframework.format.support.FormattingConversionServiceFactoryBean#0'
2017-01-09 18:51:37 DEBUG DefaultListableBeanFactory:529 - Eagerly caching bean 'org.springframework.format.support.FormattingConversionServiceFactoryBean#0' to allow for resolving potential circular references
2017-01-09 18:51:37 DEBUG DefaultListableBeanFactory:1620 - Invoking afterPropertiesSet() on bean with name 'org.springframework.format.support.FormattingConversionServiceFactoryBean#0'
2017-01-09 18:51:37 DEBUG DefaultListableBeanFactory:484 - Finished creating instance of bean 'org.springframework.format.support.FormattingConversionServiceFactoryBean#0'
2017-01-09 18:51:37 DEBUG DefaultListableBeanFactory:484 - Finished creating instance of bean '(inner bean)#be75d9b'
2017-01-09 18:51:37 DEBUG BeanUtils:450 - No property editor [org.springframework.web.context.request.WebRequestInterceptorEditor] found for type org.springframework.web.context.request.WebRequestInterceptor according to 'Editor' suffix convention
2017-01-09 18:51:37 DEBUG DefaultListableBeanFactory:529 - Eagerly caching bean 'org.springframework.web.servlet.handler.MappedInterceptor#0' to allow for resolving potential circular references
2017-01-09 18:51:37 DEBUG DefaultListableBeanFactory:484 - Finished creating instance of bean 'org.springframework.web.servlet.handler.MappedInterceptor#0'
2017-01-09 18:51:37 DEBUG DefaultListableBeanFactory:221 - Creating shared instance of singleton bean 'org.springframework.web.servlet.handler.MappedInterceptor#1'
2017-01-09 18:51:37 DEBUG DefaultListableBeanFactory:448 - Creating instance of bean 'org.springframework.web.servlet.handler.MappedInterceptor#1'
2017-01-09 18:51:37 DEBUG DefaultListableBeanFactory:448 - Creating instance of bean '(inner bean)#4555b7b'
2017-01-09 18:51:37 DEBUG DefaultListableBeanFactory:448 - Creating instance of bean '(inner bean)#666ec8e2'
2017-01-09 18:51:37 DEBUG DefaultListableBeanFactory:484 - Finished creating instance of bean '(inner bean)#666ec8e2'
2017-01-09 18:51:37 DEBUG DefaultListableBeanFactory:484 - Finished creating instance of bean '(inner bean)#4555b7b'
2017-01-09 18:51:37 DEBUG DefaultListableBeanFactory:529 - Eagerly caching bean 'org.springframework.web.servlet.handler.MappedInterceptor#1' to allow for resolving potential circular references
2017-01-09 18:51:37 DEBUG DefaultListableBeanFactory:484 - Finished creating instance of bean 'org.springframework.web.servlet.handler.MappedInterceptor#1'
2017-01-09 18:51:37 DEBUG DefaultListableBeanFactory:1620 - Invoking afterPropertiesSet() on bean with name 'org.springframework.web.servlet.mvc.method.annotation.RequestMappingHandlerMapping'
2017-01-09 18:51:37 DEBUG RequestMappingHandlerMapping:195 - Looking for request mappings in application context: WebApplicationContext for namespace 'mvc-dispatcher-servlet': startup date [Mon Jan 09 18:51:36 AST 2017]; root of context hierarchy
2017-01-09 18:51:37 DEBUG RequestMappingHandlerMapping:245 - 4 request handler methods found on class com.onlineocr.nick.controller.OcrServiceController: {public org.springframework.web.servlet.ModelAndView com.onlineocr.nick.controller.OcrServiceController.index()={[/],methods=[GET]}, public org.springframework.web.servlet.ModelAndView com.onlineocr.nick.controller.OcrServiceController.test()={[/test],methods=[GET]}, public void com.onlineocr.nick.controller.OcrServiceController.downloadPDFResource(javax.servlet.http.HttpServletRequest,javax.servlet.http.HttpServletResponse)={[/download],methods=[GET]}, public org.springframework.web.servlet.ModelAndView com.onlineocr.nick.controller.OcrServiceController.jspPage()={[/profile],methods=[GET]}}
2017-01-09 18:51:37 INFO  RequestMappingHandlerMapping:543 - Mapped "{[/],methods=[GET]}" onto public org.springframework.web.servlet.ModelAndView com.onlineocr.nick.controller.OcrServiceController.index()
2017-01-09 18:51:37 INFO  RequestMappingHandlerMapping:543 - Mapped "{[/test],methods=[GET]}" onto public org.springframework.web.servlet.ModelAndView com.onlineocr.nick.controller.OcrServiceController.test()
2017-01-09 18:51:37 INFO  RequestMappingHandlerMapping:543 - Mapped "{[/download],methods=[GET]}" onto public void com.onlineocr.nick.controller.OcrServiceController.downloadPDFResource(javax.servlet.http.HttpServletRequest,javax.servlet.http.HttpServletResponse)
2017-01-09 18:51:37 INFO  RequestMappingHandlerMapping:543 - Mapped "{[/profile],methods=[GET]}" onto public org.springframework.web.servlet.ModelAndView com.onlineocr.nick.controller.OcrServiceController.jspPage()
2017-01-09 18:51:37 DEBUG DefaultListableBeanFactory:484 - Finished creating instance of bean 'org.springframework.web.servlet.mvc.method.annotation.RequestMappingHandlerMapping'
2017-01-09 18:51:37 DEBUG DefaultListableBeanFactory:251 - Returning cached instance of singleton bean 'mvcCorsConfigurations'
2017-01-09 18:51:37 DEBUG DefaultListableBeanFactory:251 - Returning cached instance of singleton bean 'org.springframework.format.support.FormattingConversionServiceFactoryBean#0'
2017-01-09 18:51:37 DEBUG DefaultListableBeanFactory:221 - Creating shared instance of singleton bean 'org.springframework.validation.beanvalidation.OptionalValidatorFactoryBean#0'
2017-01-09 18:51:37 DEBUG DefaultListableBeanFactory:448 - Creating instance of bean 'org.springframework.validation.beanvalidation.OptionalValidatorFactoryBean#0'
2017-01-09 18:51:37 DEBUG DefaultListableBeanFactory:529 - Eagerly caching bean 'org.springframework.validation.beanvalidation.OptionalValidatorFactoryBean#0' to allow for resolving potential circular references
2017-01-09 18:51:38 DEBUG DefaultListableBeanFactory:1620 - Invoking afterPropertiesSet() on bean with name 'org.springframework.validation.beanvalidation.OptionalValidatorFactoryBean#0'
2017-01-09 18:51:38 DEBUG logging:19 - Logging Provider: org.jboss.logging.Log4jLoggerProvider
2017-01-09 18:51:38 INFO  Version:30 - HV000001: Hibernate Validator 5.2.4.Final
2017-01-09 18:51:38 DEBUG DefaultTraversableResolver:80 - Found javax.persistence.Persistence on classpath, but no method 'getPersistenceUtil'. Assuming JPA 1 environment. All properties will per default be traversable.
2017-01-09 18:51:38 DEBUG ConfigurationImpl:156 - Setting custom MessageInterpolator of type org.springframework.validation.beanvalidation.LocaleContextMessageInterpolator
2017-01-09 18:51:38 DEBUG ConfigurationImpl:178 - Setting custom ConstraintValidatorFactory of type org.springframework.validation.beanvalidation.SpringConstraintValidatorFactory
2017-01-09 18:51:38 DEBUG ConfigurationImpl:192 - Setting custom ParameterNameProvider of type com.sun.proxy.$Proxy75
2017-01-09 18:51:38 DEBUG ValidationXmlParser:91 - Trying to load META-INF/validation.xml for XML based Validator configuration.
2017-01-09 18:51:38 DEBUG ResourceLoaderHelper:47 - Trying to load META-INF/validation.xml via user class loader
2017-01-09 18:51:38 DEBUG ResourceLoaderHelper:54 - Trying to load META-INF/validation.xml via TCCL
2017-01-09 18:51:38 DEBUG ResourceLoaderHelper:60 - Trying to load META-INF/validation.xml via Hibernate Validator's class loader
2017-01-09 18:51:38 DEBUG ValidationXmlParser:98 - No META-INF/validation.xml found. Using annotation based configuration only.
2017-01-09 18:51:38 DEBUG DefaultListableBeanFactory:484 - Finished creating instance of bean 'org.springframework.validation.beanvalidation.OptionalValidatorFactoryBean#0'
2017-01-09 18:51:38 DEBUG DefaultListableBeanFactory:221 - Creating shared instance of singleton bean 'org.springframework.web.servlet.mvc.method.annotation.RequestMappingHandlerAdapter'
2017-01-09 18:51:38 DEBUG DefaultListableBeanFactory:448 - Creating instance of bean 'org.springframework.web.servlet.mvc.method.annotation.RequestMappingHandlerAdapter'
2017-01-09 18:51:38 DEBUG DefaultListableBeanFactory:529 - Eagerly caching bean 'org.springframework.web.servlet.mvc.method.annotation.RequestMappingHandlerAdapter' to allow for resolving potential circular references
2017-01-09 18:51:38 DEBUG DefaultListableBeanFactory:251 - Returning cached instance of singleton bean 'mvcContentNegotiationManager'
2017-01-09 18:51:38 DEBUG DefaultListableBeanFactory:448 - Creating instance of bean '(inner bean)#1f574840'
2017-01-09 18:51:38 DEBUG DefaultListableBeanFactory:251 - Returning cached instance of singleton bean 'org.springframework.format.support.FormattingConversionServiceFactoryBean#0'
2017-01-09 18:51:38 DEBUG DefaultListableBeanFactory:251 - Returning cached instance of singleton bean 'org.springframework.validation.beanvalidation.OptionalValidatorFactoryBean#0'
2017-01-09 18:51:38 DEBUG DefaultListableBeanFactory:484 - Finished creating instance of bean '(inner bean)#1f574840'
2017-01-09 18:51:38 DEBUG DefaultListableBeanFactory:448 - Creating instance of bean '(inner bean)#4d012a35'
2017-01-09 18:51:38 DEBUG DefaultListableBeanFactory:484 - Finished creating instance of bean '(inner bean)#4d012a35'
2017-01-09 18:51:38 DEBUG DefaultListableBeanFactory:448 - Creating instance of bean '(inner bean)#42793a50'
2017-01-09 18:51:38 DEBUG DefaultListableBeanFactory:484 - Finished creating instance of bean '(inner bean)#42793a50'
2017-01-09 18:51:38 DEBUG DefaultListableBeanFactory:448 - Creating instance of bean '(inner bean)#40654d8d'
2017-01-09 18:51:38 DEBUG DefaultListableBeanFactory:484 - Finished creating instance of bean '(inner bean)#40654d8d'
2017-01-09 18:51:38 DEBUG DefaultListableBeanFactory:448 - Creating instance of bean '(inner bean)#9d3515f'
2017-01-09 18:51:38 DEBUG DefaultListableBeanFactory:484 - Finished creating instance of bean '(inner bean)#9d3515f'
2017-01-09 18:51:38 DEBUG DefaultListableBeanFactory:448 - Creating instance of bean '(inner bean)#a31b8df'
2017-01-09 18:51:38 DEBUG DefaultListableBeanFactory:484 - Finished creating instance of bean '(inner bean)#a31b8df'
2017-01-09 18:51:38 DEBUG DefaultListableBeanFactory:448 - Creating instance of bean '(inner bean)#3699a57f'
2017-01-09 18:51:38 DEBUG DefaultListableBeanFactory:484 - Finished creating instance of bean '(inner bean)#3699a57f'
2017-01-09 18:51:38 DEBUG DefaultListableBeanFactory:1620 - Invoking afterPropertiesSet() on bean with name 'org.springframework.web.servlet.mvc.method.annotation.RequestMappingHandlerAdapter'
2017-01-09 18:51:38 INFO  RequestMappingHandlerAdapter:534 - Looking for @ControllerAdvice: WebApplicationContext for namespace 'mvc-dispatcher-servlet': startup date [Mon Jan 09 18:51:36 AST 2017]; root of context hierarchy
2017-01-09 18:51:38 DEBUG DefaultListableBeanFactory:484 - Finished creating instance of bean 'org.springframework.web.servlet.mvc.method.annotation.RequestMappingHandlerAdapter'
2017-01-09 18:51:38 DEBUG DefaultListableBeanFactory:221 - Creating shared instance of singleton bean 'mvcUriComponentsContributor'
2017-01-09 18:51:38 DEBUG DefaultListableBeanFactory:448 - Creating instance of bean 'mvcUriComponentsContributor'
2017-01-09 18:51:38 DEBUG DefaultListableBeanFactory:529 - Eagerly caching bean 'mvcUriComponentsContributor' to allow for resolving potential circular references
2017-01-09 18:51:38 DEBUG DefaultListableBeanFactory:448 - Creating instance of bean '(inner bean)#6bb75e52'
2017-01-09 18:51:38 DEBUG DefaultListableBeanFactory:251 - Returning cached instance of singleton bean 'mvcContentNegotiationManager'
2017-01-09 18:51:38 DEBUG DefaultListableBeanFactory:448 - Creating instance of bean '(inner bean)#1f574840#1'
2017-01-09 18:51:38 DEBUG DefaultListableBeanFactory:251 - Returning cached instance of singleton bean 'org.springframework.format.support.FormattingConversionServiceFactoryBean#0'
2017-01-09 18:51:38 DEBUG DefaultListableBeanFactory:251 - Returning cached instance of singleton bean 'org.springframework.validation.beanvalidation.OptionalValidatorFactoryBean#0'
2017-01-09 18:51:38 DEBUG DefaultListableBeanFactory:484 - Finished creating instance of bean '(inner bean)#1f574840#1'
2017-01-09 18:51:38 DEBUG DefaultListableBeanFactory:448 - Creating instance of bean '(inner bean)#4d012a35#1'
2017-01-09 18:51:38 DEBUG DefaultListableBeanFactory:484 - Finished creating instance of bean '(inner bean)#4d012a35#1'
2017-01-09 18:51:38 DEBUG DefaultListableBeanFactory:448 - Creating instance of bean '(inner bean)#42793a50#1'
2017-01-09 18:51:38 DEBUG DefaultListableBeanFactory:484 - Finished creating instance of bean '(inner bean)#42793a50#1'
2017-01-09 18:51:38 DEBUG DefaultListableBeanFactory:448 - Creating instance of bean '(inner bean)#40654d8d#1'
2017-01-09 18:51:38 DEBUG DefaultListableBeanFactory:484 - Finished creating instance of bean '(inner bean)#40654d8d#1'
2017-01-09 18:51:38 DEBUG DefaultListableBeanFactory:448 - Creating instance of bean '(inner bean)#9d3515f#1'
2017-01-09 18:51:38 DEBUG DefaultListableBeanFactory:484 - Finished creating instance of bean '(inner bean)#9d3515f#1'
2017-01-09 18:51:38 DEBUG DefaultListableBeanFactory:448 - Creating instance of bean '(inner bean)#a31b8df#1'
2017-01-09 18:51:38 DEBUG DefaultListableBeanFactory:484 - Finished creating instance of bean '(inner bean)#a31b8df#1'
2017-01-09 18:51:38 DEBUG DefaultListableBeanFactory:448 - Creating instance of bean '(inner bean)#3699a57f#1'
2017-01-09 18:51:38 DEBUG DefaultListableBeanFactory:484 - Finished creating instance of bean '(inner bean)#3699a57f#1'
2017-01-09 18:51:38 DEBUG DefaultListableBeanFactory:1620 - Invoking afterPropertiesSet() on bean with name '(inner bean)#6bb75e52'
2017-01-09 18:51:38 INFO  RequestMappingHandlerAdapter:534 - Looking for @ControllerAdvice: WebApplicationContext for namespace 'mvc-dispatcher-servlet': startup date [Mon Jan 09 18:51:36 AST 2017]; root of context hierarchy
2017-01-09 18:51:38 DEBUG DefaultListableBeanFactory:247 - Returning eagerly cached instance of singleton bean 'mvcUriComponentsContributor' that is not fully initialized yet - a consequence of a circular reference
2017-01-09 18:51:38 DEBUG DefaultListableBeanFactory:484 - Finished creating instance of bean '(inner bean)#6bb75e52'
2017-01-09 18:51:38 DEBUG DefaultListableBeanFactory:251 - Returning cached instance of singleton bean 'org.springframework.format.support.FormattingConversionServiceFactoryBean#0'
2017-01-09 18:51:38 DEBUG DefaultListableBeanFactory:1620 - Invoking afterPropertiesSet() on bean with name 'mvcUriComponentsContributor'
2017-01-09 18:51:38 DEBUG DefaultListableBeanFactory:484 - Finished creating instance of bean 'mvcUriComponentsContributor'
2017-01-09 18:51:38 DEBUG DefaultListableBeanFactory:251 - Returning cached instance of singleton bean 'org.springframework.web.servlet.handler.MappedInterceptor#0'
2017-01-09 18:51:38 DEBUG DefaultListableBeanFactory:221 - Creating shared instance of singleton bean 'org.springframework.web.servlet.mvc.method.annotation.ExceptionHandlerExceptionResolver#0'
2017-01-09 18:51:38 DEBUG DefaultListableBeanFactory:448 - Creating instance of bean 'org.springframework.web.servlet.mvc.method.annotation.ExceptionHandlerExceptionResolver#0'
2017-01-09 18:51:38 DEBUG DefaultListableBeanFactory:529 - Eagerly caching bean 'org.springframework.web.servlet.mvc.method.annotation.ExceptionHandlerExceptionResolver#0' to allow for resolving potential circular references
2017-01-09 18:51:38 DEBUG DefaultListableBeanFactory:251 - Returning cached instance of singleton bean 'mvcContentNegotiationManager'
2017-01-09 18:51:38 DEBUG DefaultListableBeanFactory:448 - Creating instance of bean '(inner bean)#4d012a35#2'
2017-01-09 18:51:38 DEBUG DefaultListableBeanFactory:484 - Finished creating instance of bean '(inner bean)#4d012a35#2'
2017-01-09 18:51:38 DEBUG DefaultListableBeanFactory:448 - Creating instance of bean '(inner bean)#42793a50#2'
2017-01-09 18:51:38 DEBUG DefaultListableBeanFactory:484 - Finished creating instance of bean '(inner bean)#42793a50#2'
2017-01-09 18:51:38 DEBUG DefaultListableBeanFactory:448 - Creating instance of bean '(inner bean)#40654d8d#2'
2017-01-09 18:51:38 DEBUG DefaultListableBeanFactory:484 - Finished creating instance of bean '(inner bean)#40654d8d#2'
2017-01-09 18:51:38 DEBUG DefaultListableBeanFactory:448 - Creating instance of bean '(inner bean)#9d3515f#2'
2017-01-09 18:51:38 DEBUG DefaultListableBeanFactory:484 - Finished creating instance of bean '(inner bean)#9d3515f#2'
2017-01-09 18:51:38 DEBUG DefaultListableBeanFactory:448 - Creating instance of bean '(inner bean)#a31b8df#2'
2017-01-09 18:51:38 DEBUG DefaultListableBeanFactory:484 - Finished creating instance of bean '(inner bean)#a31b8df#2'
2017-01-09 18:51:38 DEBUG DefaultListableBeanFactory:448 - Creating instance of bean '(inner bean)#3699a57f#2'
2017-01-09 18:51:38 DEBUG DefaultListableBeanFactory:484 - Finished creating instance of bean '(inner bean)#3699a57f#2'
2017-01-09 18:51:38 DEBUG DefaultListableBeanFactory:1620 - Invoking afterPropertiesSet() on bean with name 'org.springframework.web.servlet.mvc.method.annotation.ExceptionHandlerExceptionResolver#0'
2017-01-09 18:51:38 DEBUG ExceptionHandlerExceptionResolver:258 - Looking for exception mappings: WebApplicationContext for namespace 'mvc-dispatcher-servlet': startup date [Mon Jan 09 18:51:36 AST 2017]; root of context hierarchy
2017-01-09 18:51:38 DEBUG DefaultListableBeanFactory:484 - Finished creating instance of bean 'org.springframework.web.servlet.mvc.method.annotation.ExceptionHandlerExceptionResolver#0'
2017-01-09 18:51:38 DEBUG DefaultListableBeanFactory:221 - Creating shared instance of singleton bean 'org.springframework.web.servlet.mvc.annotation.ResponseStatusExceptionResolver#0'
2017-01-09 18:51:38 DEBUG DefaultListableBeanFactory:448 - Creating instance of bean 'org.springframework.web.servlet.mvc.annotation.ResponseStatusExceptionResolver#0'
2017-01-09 18:51:38 DEBUG DefaultListableBeanFactory:529 - Eagerly caching bean 'org.springframework.web.servlet.mvc.annotation.ResponseStatusExceptionResolver#0' to allow for resolving potential circular references
2017-01-09 18:51:38 DEBUG DefaultListableBeanFactory:484 - Finished creating instance of bean 'org.springframework.web.servlet.mvc.annotation.ResponseStatusExceptionResolver#0'
2017-01-09 18:51:38 DEBUG DefaultListableBeanFactory:221 - Creating shared instance of singleton bean 'org.springframework.web.servlet.mvc.support.DefaultHandlerExceptionResolver#0'
2017-01-09 18:51:38 DEBUG DefaultListableBeanFactory:448 - Creating instance of bean 'org.springframework.web.servlet.mvc.support.DefaultHandlerExceptionResolver#0'
2017-01-09 18:51:38 DEBUG DefaultListableBeanFactory:529 - Eagerly caching bean 'org.springframework.web.servlet.mvc.support.DefaultHandlerExceptionResolver#0' to allow for resolving potential circular references
2017-01-09 18:51:38 DEBUG DefaultListableBeanFactory:484 - Finished creating instance of bean 'org.springframework.web.servlet.mvc.support.DefaultHandlerExceptionResolver#0'
2017-01-09 18:51:38 DEBUG DefaultListableBeanFactory:221 - Creating shared instance of singleton bean 'org.springframework.web.servlet.handler.BeanNameUrlHandlerMapping'
2017-01-09 18:51:38 DEBUG DefaultListableBeanFactory:448 - Creating instance of bean 'org.springframework.web.servlet.handler.BeanNameUrlHandlerMapping'
2017-01-09 18:51:38 DEBUG DefaultListableBeanFactory:529 - Eagerly caching bean 'org.springframework.web.servlet.handler.BeanNameUrlHandlerMapping' to allow for resolving potential circular references
2017-01-09 18:51:38 DEBUG DefaultListableBeanFactory:251 - Returning cached instance of singleton bean 'mvcCorsConfigurations'
2017-01-09 18:51:38 DEBUG DefaultListableBeanFactory:251 - Returning cached instance of singleton bean 'org.springframework.web.servlet.handler.MappedInterceptor#0'
2017-01-09 18:51:38 DEBUG DefaultListableBeanFactory:251 - Returning cached instance of singleton bean 'org.springframework.web.servlet.handler.MappedInterceptor#1'
2017-01-09 18:51:38 DEBUG BeanNameUrlHandlerMapping:71 - Looking for URL mappings in application context: WebApplicationContext for namespace 'mvc-dispatcher-servlet': startup date [Mon Jan 09 18:51:36 AST 2017]; root of context hierarchy
2017-01-09 18:51:38 DEBUG BeanNameUrlHandlerMapping:86 - Rejected bean name 'hibernateConfiguration': no URL paths identified
2017-01-09 18:51:38 DEBUG BeanNameUrlHandlerMapping:86 - Rejected bean name 'ocrServiceController': no URL paths identified
2017-01-09 18:51:38 DEBUG BeanNameUrlHandlerMapping:86 - Rejected bean name 'org.springframework.context.annotation.internalConfigurationAnnotationProcessor': no URL paths identified
2017-01-09 18:51:38 DEBUG BeanNameUrlHandlerMapping:86 - Rejected bean name 'org.springframework.context.annotation.internalAutowiredAnnotationProcessor': no URL paths identified
2017-01-09 18:51:38 DEBUG BeanNameUrlHandlerMapping:86 - Rejected bean name 'org.springframework.context.annotation.internalRequiredAnnotationProcessor': no URL paths identified
2017-01-09 18:51:38 DEBUG BeanNameUrlHandlerMapping:86 - Rejected bean name 'org.springframework.context.annotation.internalCommonAnnotationProcessor': no URL paths identified
2017-01-09 18:51:38 DEBUG BeanNameUrlHandlerMapping:86 - Rejected bean name 'org.springframework.context.event.internalEventListenerProcessor': no URL paths identified
2017-01-09 18:51:38 DEBUG BeanNameUrlHandlerMapping:86 - Rejected bean name 'org.springframework.context.event.internalEventListenerFactory': no URL paths identified
2017-01-09 18:51:38 DEBUG BeanNameUrlHandlerMapping:86 - Rejected bean name 'mvcContentNegotiationManager': no URL paths identified
2017-01-09 18:51:38 DEBUG BeanNameUrlHandlerMapping:86 - Rejected bean name 'org.springframework.web.servlet.mvc.method.annotation.RequestMappingHandlerMapping': no URL paths identified
2017-01-09 18:51:38 DEBUG BeanNameUrlHandlerMapping:86 - Rejected bean name 'mvcCorsConfigurations': no URL paths identified
2017-01-09 18:51:38 DEBUG BeanNameUrlHandlerMapping:86 - Rejected bean name 'org.springframework.format.support.FormattingConversionServiceFactoryBean#0': no URL paths identified
2017-01-09 18:51:38 DEBUG BeanNameUrlHandlerMapping:86 - Rejected bean name 'org.springframework.validation.beanvalidation.OptionalValidatorFactoryBean#0': no URL paths identified
2017-01-09 18:51:38 DEBUG BeanNameUrlHandlerMapping:86 - Rejected bean name 'org.springframework.web.servlet.mvc.method.annotation.RequestMappingHandlerAdapter': no URL paths identified
2017-01-09 18:51:38 DEBUG BeanNameUrlHandlerMapping:86 - Rejected bean name 'mvcUriComponentsContributor': no URL paths identified
2017-01-09 18:51:38 DEBUG BeanNameUrlHandlerMapping:86 - Rejected bean name 'org.springframework.web.servlet.handler.MappedInterceptor#0': no URL paths identified
2017-01-09 18:51:38 DEBUG BeanNameUrlHandlerMapping:86 - Rejected bean name 'org.springframework.web.servlet.mvc.method.annotation.ExceptionHandlerExceptionResolver#0': no URL paths identified
2017-01-09 18:51:38 DEBUG BeanNameUrlHandlerMapping:86 - Rejected bean name 'org.springframework.web.servlet.mvc.annotation.ResponseStatusExceptionResolver#0': no URL paths identified
2017-01-09 18:51:38 DEBUG BeanNameUrlHandlerMapping:86 - Rejected bean name 'org.springframework.web.servlet.mvc.support.DefaultHandlerExceptionResolver#0': no URL paths identified
2017-01-09 18:51:38 DEBUG BeanNameUrlHandlerMapping:86 - Rejected bean name 'org.springframework.web.servlet.handler.BeanNameUrlHandlerMapping': no URL paths identified
2017-01-09 18:51:38 DEBUG BeanNameUrlHandlerMapping:86 - Rejected bean name 'org.springframework.web.servlet.mvc.HttpRequestHandlerAdapter': no URL paths identified
2017-01-09 18:51:38 DEBUG BeanNameUrlHandlerMapping:86 - Rejected bean name 'org.springframework.web.servlet.mvc.SimpleControllerHandlerAdapter': no URL paths identified
2017-01-09 18:51:38 DEBUG BeanNameUrlHandlerMapping:86 - Rejected bean name 'mvcResourceUrlProvider': no URL paths identified
2017-01-09 18:51:38 DEBUG BeanNameUrlHandlerMapping:86 - Rejected bean name 'org.springframework.web.servlet.handler.MappedInterceptor#1': no URL paths identified
2017-01-09 18:51:38 DEBUG BeanNameUrlHandlerMapping:86 - Rejected bean name 'org.springframework.web.servlet.resource.ResourceHttpRequestHandler#0': no URL paths identified
2017-01-09 18:51:38 DEBUG BeanNameUrlHandlerMapping:86 - Rejected bean name 'mvcPathMatcher': no URL paths identified
2017-01-09 18:51:38 DEBUG BeanNameUrlHandlerMapping:86 - Rejected bean name 'mvcUrlPathHelper': no URL paths identified
2017-01-09 18:51:38 DEBUG BeanNameUrlHandlerMapping:86 - Rejected bean name 'org.springframework.web.servlet.handler.SimpleUrlHandlerMapping#0': no URL paths identified
2017-01-09 18:51:38 DEBUG BeanNameUrlHandlerMapping:86 - Rejected bean name 'org.springframework.web.servlet.view.InternalResourceViewResolver#0': no URL paths identified
2017-01-09 18:51:38 DEBUG BeanNameUrlHandlerMapping:86 - Rejected bean name 'org.springframework.context.annotation.ConfigurationClassPostProcessor.importAwareProcessor': no URL paths identified
2017-01-09 18:51:38 DEBUG BeanNameUrlHandlerMapping:86 - Rejected bean name 'org.springframework.context.annotation.ConfigurationClassPostProcessor.enhancedConfigurationProcessor': no URL paths identified
2017-01-09 18:51:38 DEBUG BeanNameUrlHandlerMapping:86 - Rejected bean name 'environment': no URL paths identified
2017-01-09 18:51:38 DEBUG BeanNameUrlHandlerMapping:86 - Rejected bean name 'systemProperties': no URL paths identified
2017-01-09 18:51:38 DEBUG BeanNameUrlHandlerMapping:86 - Rejected bean name 'systemEnvironment': no URL paths identified
2017-01-09 18:51:38 DEBUG BeanNameUrlHandlerMapping:86 - Rejected bean name 'servletContext': no URL paths identified
2017-01-09 18:51:38 DEBUG BeanNameUrlHandlerMapping:86 - Rejected bean name 'servletConfig': no URL paths identified
2017-01-09 18:51:38 DEBUG BeanNameUrlHandlerMapping:86 - Rejected bean name 'contextParameters': no URL paths identified
2017-01-09 18:51:38 DEBUG BeanNameUrlHandlerMapping:86 - Rejected bean name 'contextAttributes': no URL paths identified
2017-01-09 18:51:38 DEBUG BeanNameUrlHandlerMapping:86 - Rejected bean name 'org.springframework.context.annotation.ConfigurationClassPostProcessor.importRegistry': no URL paths identified
2017-01-09 18:51:38 DEBUG BeanNameUrlHandlerMapping:86 - Rejected bean name 'messageSource': no URL paths identified
2017-01-09 18:51:38 DEBUG BeanNameUrlHandlerMapping:86 - Rejected bean name 'applicationEventMulticaster': no URL paths identified
2017-01-09 18:51:38 DEBUG DefaultListableBeanFactory:484 - Finished creating instance of bean 'org.springframework.web.servlet.handler.BeanNameUrlHandlerMapping'
2017-01-09 18:51:38 DEBUG DefaultListableBeanFactory:221 - Creating shared instance of singleton bean 'org.springframework.web.servlet.mvc.HttpRequestHandlerAdapter'
2017-01-09 18:51:38 DEBUG DefaultListableBeanFactory:448 - Creating instance of bean 'org.springframework.web.servlet.mvc.HttpRequestHandlerAdapter'
2017-01-09 18:51:38 DEBUG DefaultListableBeanFactory:529 - Eagerly caching bean 'org.springframework.web.servlet.mvc.HttpRequestHandlerAdapter' to allow for resolving potential circular references
2017-01-09 18:51:38 DEBUG DefaultListableBeanFactory:484 - Finished creating instance of bean 'org.springframework.web.servlet.mvc.HttpRequestHandlerAdapter'
2017-01-09 18:51:38 DEBUG DefaultListableBeanFactory:221 - Creating shared instance of singleton bean 'org.springframework.web.servlet.mvc.SimpleControllerHandlerAdapter'
2017-01-09 18:51:38 DEBUG DefaultListableBeanFactory:448 - Creating instance of bean 'org.springframework.web.servlet.mvc.SimpleControllerHandlerAdapter'
2017-01-09 18:51:38 DEBUG DefaultListableBeanFactory:529 - Eagerly caching bean 'org.springframework.web.servlet.mvc.SimpleControllerHandlerAdapter' to allow for resolving potential circular references
2017-01-09 18:51:38 DEBUG DefaultListableBeanFactory:484 - Finished creating instance of bean 'org.springframework.web.servlet.mvc.SimpleControllerHandlerAdapter'
2017-01-09 18:51:38 DEBUG DefaultListableBeanFactory:221 - Creating shared instance of singleton bean 'mvcResourceUrlProvider'
2017-01-09 18:51:38 DEBUG DefaultListableBeanFactory:448 - Creating instance of bean 'mvcResourceUrlProvider'
2017-01-09 18:51:38 DEBUG DefaultListableBeanFactory:529 - Eagerly caching bean 'mvcResourceUrlProvider' to allow for resolving potential circular references
2017-01-09 18:51:38 DEBUG DefaultListableBeanFactory:484 - Finished creating instance of bean 'mvcResourceUrlProvider'
2017-01-09 18:51:38 DEBUG DefaultListableBeanFactory:251 - Returning cached instance of singleton bean 'org.springframework.web.servlet.handler.MappedInterceptor#1'
2017-01-09 18:51:38 DEBUG DefaultListableBeanFactory:221 - Creating shared instance of singleton bean 'org.springframework.web.servlet.resource.ResourceHttpRequestHandler#0'
2017-01-09 18:51:38 DEBUG DefaultListableBeanFactory:448 - Creating instance of bean 'org.springframework.web.servlet.resource.ResourceHttpRequestHandler#0'
2017-01-09 18:51:38 DEBUG DefaultListableBeanFactory:529 - Eagerly caching bean 'org.springframework.web.servlet.resource.ResourceHttpRequestHandler#0' to allow for resolving potential circular references
2017-01-09 18:51:38 DEBUG DefaultListableBeanFactory:251 - Returning cached instance of singleton bean 'mvcContentNegotiationManager'
2017-01-09 18:51:38 DEBUG DefaultListableBeanFactory:1620 - Invoking afterPropertiesSet() on bean with name 'org.springframework.web.servlet.resource.ResourceHttpRequestHandler#0'
2017-01-09 18:51:38 DEBUG DefaultListableBeanFactory:484 - Finished creating instance of bean 'org.springframework.web.servlet.resource.ResourceHttpRequestHandler#0'
2017-01-09 18:51:38 DEBUG DefaultListableBeanFactory:221 - Creating shared instance of singleton bean 'mvcPathMatcher'
2017-01-09 18:51:38 DEBUG DefaultListableBeanFactory:448 - Creating instance of bean 'mvcPathMatcher'
2017-01-09 18:51:38 DEBUG DefaultListableBeanFactory:529 - Eagerly caching bean 'mvcPathMatcher' to allow for resolving potential circular references
2017-01-09 18:51:38 DEBUG DefaultListableBeanFactory:484 - Finished creating instance of bean 'mvcPathMatcher'
2017-01-09 18:51:38 DEBUG DefaultListableBeanFactory:221 - Creating shared instance of singleton bean 'mvcUrlPathHelper'
2017-01-09 18:51:38 DEBUG DefaultListableBeanFactory:448 - Creating instance of bean 'mvcUrlPathHelper'
2017-01-09 18:51:38 DEBUG DefaultListableBeanFactory:529 - Eagerly caching bean 'mvcUrlPathHelper' to allow for resolving potential circular references
2017-01-09 18:51:38 DEBUG DefaultListableBeanFactory:484 - Finished creating instance of bean 'mvcUrlPathHelper'
2017-01-09 18:51:38 DEBUG DefaultListableBeanFactory:221 - Creating shared instance of singleton bean 'org.springframework.web.servlet.handler.SimpleUrlHandlerMapping#0'
2017-01-09 18:51:38 DEBUG DefaultListableBeanFactory:448 - Creating instance of bean 'org.springframework.web.servlet.handler.SimpleUrlHandlerMapping#0'
2017-01-09 18:51:38 DEBUG DefaultListableBeanFactory:529 - Eagerly caching bean 'org.springframework.web.servlet.handler.SimpleUrlHandlerMapping#0' to allow for resolving potential circular references
2017-01-09 18:51:39 DEBUG DefaultListableBeanFactory:251 - Returning cached instance of singleton bean 'mvcPathMatcher'
2017-01-09 18:51:39 DEBUG DefaultListableBeanFactory:251 - Returning cached instance of singleton bean 'mvcUrlPathHelper'
2017-01-09 18:51:39 DEBUG DefaultListableBeanFactory:251 - Returning cached instance of singleton bean 'mvcCorsConfigurations'
2017-01-09 18:51:39 DEBUG DefaultListableBeanFactory:251 - Returning cached instance of singleton bean 'org.springframework.web.servlet.handler.MappedInterceptor#0'
2017-01-09 18:51:39 DEBUG DefaultListableBeanFactory:251 - Returning cached instance of singleton bean 'org.springframework.web.servlet.handler.MappedInterceptor#1'
2017-01-09 18:51:39 DEBUG DefaultListableBeanFactory:251 - Returning cached instance of singleton bean 'org.springframework.web.servlet.resource.ResourceHttpRequestHandler#0'
2017-01-09 18:51:39 INFO  SimpleUrlHandlerMapping:354 - Mapped URL path [/resources/**] onto handler 'org.springframework.web.servlet.resource.ResourceHttpRequestHandler#0'
2017-01-09 18:51:39 DEBUG DefaultListableBeanFactory:484 - Finished creating instance of bean 'org.springframework.web.servlet.handler.SimpleUrlHandlerMapping#0'
2017-01-09 18:51:39 DEBUG DefaultListableBeanFactory:221 - Creating shared instance of singleton bean 'org.springframework.web.servlet.view.InternalResourceViewResolver#0'
2017-01-09 18:51:39 DEBUG DefaultListableBeanFactory:448 - Creating instance of bean 'org.springframework.web.servlet.view.InternalResourceViewResolver#0'
2017-01-09 18:51:39 DEBUG DefaultListableBeanFactory:529 - Eagerly caching bean 'org.springframework.web.servlet.view.InternalResourceViewResolver#0' to allow for resolving potential circular references
2017-01-09 18:51:39 DEBUG DefaultListableBeanFactory:484 - Finished creating instance of bean 'org.springframework.web.servlet.view.InternalResourceViewResolver#0'
2017-01-09 18:51:39 DEBUG DefaultListableBeanFactory:251 - Returning cached instance of singleton bean 'org.springframework.context.annotation.ConfigurationClassPostProcessor.importAwareProcessor'
2017-01-09 18:51:39 DEBUG DefaultListableBeanFactory:251 - Returning cached instance of singleton bean 'org.springframework.context.annotation.ConfigurationClassPostProcessor.enhancedConfigurationProcessor'
2017-01-09 18:51:39 DEBUG DefaultListableBeanFactory:251 - Returning cached instance of singleton bean 'org.springframework.context.event.internalEventListenerFactory'
2017-01-09 18:51:39 DEBUG XmlWebApplicationContext:779 - Unable to locate LifecycleProcessor with name 'lifecycleProcessor': using default [org.springframework.context.support.DefaultLifecycleProcessor@64033f44]
2017-01-09 18:51:39 DEBUG DefaultListableBeanFactory:251 - Returning cached instance of singleton bean 'lifecycleProcessor'
2017-01-09 18:51:39 DEBUG DefaultListableBeanFactory:251 - Returning cached instance of singleton bean 'mvcResourceUrlProvider'
2017-01-09 18:51:39 DEBUG DispatcherServlet:511 - Unable to locate MultipartResolver with name 'multipartResolver': no multipart request handling provided
2017-01-09 18:51:39 DEBUG DefaultListableBeanFactory:448 - Creating instance of bean 'org.springframework.web.servlet.i18n.AcceptHeaderLocaleResolver'
2017-01-09 18:51:39 DEBUG DefaultListableBeanFactory:484 - Finished creating instance of bean 'org.springframework.web.servlet.i18n.AcceptHeaderLocaleResolver'
2017-01-09 18:51:39 DEBUG DispatcherServlet:533 - Unable to locate LocaleResolver with name 'localeResolver': using default [org.springframework.web.servlet.i18n.AcceptHeaderLocaleResolver@129dd4e5]
2017-01-09 18:51:39 DEBUG DefaultListableBeanFactory:448 - Creating instance of bean 'org.springframework.web.servlet.theme.FixedThemeResolver'
2017-01-09 18:51:39 DEBUG DefaultListableBeanFactory:484 - Finished creating instance of bean 'org.springframework.web.servlet.theme.FixedThemeResolver'
2017-01-09 18:51:39 DEBUG DispatcherServlet:555 - Unable to locate ThemeResolver with name 'themeResolver': using default [org.springframework.web.servlet.theme.FixedThemeResolver@6b876e5b]
2017-01-09 18:51:39 DEBUG DefaultListableBeanFactory:251 - Returning cached instance of singleton bean 'org.springframework.web.servlet.mvc.method.annotation.RequestMappingHandlerMapping'
2017-01-09 18:51:39 DEBUG DefaultListableBeanFactory:251 - Returning cached instance of singleton bean 'org.springframework.web.servlet.handler.BeanNameUrlHandlerMapping'
2017-01-09 18:51:39 DEBUG DefaultListableBeanFactory:251 - Returning cached instance of singleton bean 'org.springframework.web.servlet.handler.SimpleUrlHandlerMapping#0'
2017-01-09 18:51:39 DEBUG DefaultListableBeanFactory:251 - Returning cached instance of singleton bean 'org.springframework.web.servlet.mvc.method.annotation.RequestMappingHandlerAdapter'
2017-01-09 18:51:39 DEBUG DefaultListableBeanFactory:251 - Returning cached instance of singleton bean 'org.springframework.web.servlet.mvc.HttpRequestHandlerAdapter'
2017-01-09 18:51:39 DEBUG DefaultListableBeanFactory:251 - Returning cached instance of singleton bean 'org.springframework.web.servlet.mvc.SimpleControllerHandlerAdapter'
2017-01-09 18:51:39 DEBUG DefaultListableBeanFactory:251 - Returning cached instance of singleton bean 'org.springframework.web.servlet.mvc.method.annotation.ExceptionHandlerExceptionResolver#0'
2017-01-09 18:51:39 DEBUG DefaultListableBeanFactory:251 - Returning cached instance of singleton bean 'org.springframework.web.servlet.mvc.annotation.ResponseStatusExceptionResolver#0'
2017-01-09 18:51:39 DEBUG DefaultListableBeanFactory:251 - Returning cached instance of singleton bean 'org.springframework.web.servlet.mvc.support.DefaultHandlerExceptionResolver#0'
2017-01-09 18:51:39 DEBUG DefaultListableBeanFactory:448 - Creating instance of bean 'org.springframework.web.servlet.view.DefaultRequestToViewNameTranslator'
2017-01-09 18:51:39 DEBUG DefaultListableBeanFactory:484 - Finished creating instance of bean 'org.springframework.web.servlet.view.DefaultRequestToViewNameTranslator'
2017-01-09 18:51:39 DEBUG DispatcherServlet:692 - Unable to locate RequestToViewNameTranslator with name 'viewNameTranslator': using default [org.springframework.web.servlet.view.DefaultRequestToViewNameTranslator@73f44641]
2017-01-09 18:51:39 DEBUG DefaultListableBeanFactory:251 - Returning cached instance of singleton bean 'org.springframework.web.servlet.view.InternalResourceViewResolver#0'
2017-01-09 18:51:39 DEBUG DefaultListableBeanFactory:448 - Creating instance of bean 'org.springframework.web.servlet.support.SessionFlashMapManager'
2017-01-09 18:51:39 DEBUG DefaultListableBeanFactory:484 - Finished creating instance of bean 'org.springframework.web.servlet.support.SessionFlashMapManager'
2017-01-09 18:51:39 DEBUG DispatcherServlet:753 - Unable to locate FlashMapManager with name 'flashMapManager': using default [org.springframework.web.servlet.support.SessionFlashMapManager@5021ff46]
2017-01-09 18:51:39 DEBUG ResourceUrlProvider:149 - Looking for resource handler mappings
2017-01-09 18:51:39 DEBUG DefaultListableBeanFactory:251 - Returning cached instance of singleton bean 'org.springframework.web.servlet.handler.SimpleUrlHandlerMapping#0'
2017-01-09 18:51:39 DEBUG ResourceUrlProvider:161 - Found resource handler mapping: URL pattern="/resources/**", locations=[ServletContext resource [/resources/]], resolvers=[org.springframework.web.servlet.resource.PathResourceResolver@514b396e]
2017-01-09 18:51:39 DEBUG ResourceUrlProvider:149 - Looking for resource handler mappings
2017-01-09 18:51:39 DEBUG DefaultListableBeanFactory:251 - Returning cached instance of singleton bean 'org.springframework.web.servlet.handler.SimpleUrlHandlerMapping#0'
2017-01-09 18:51:39 DEBUG ResourceUrlProvider:161 - Found resource handler mapping: URL pattern="/resources/**", locations=[ServletContext resource [/resources/]], resolvers=[org.springframework.web.servlet.resource.PathResourceResolver@514b396e]
2017-01-09 18:51:39 DEBUG JndiTemplate:150 - Looking up JNDI object with name [java:comp/env/spring.liveBeansView.mbeanDomain]
2017-01-09 18:51:39 DEBUG JndiLocatorDelegate:101 - Converted JNDI name [java:comp/env/spring.liveBeansView.mbeanDomain] not found - trying original name [spring.liveBeansView.mbeanDomain]. javax.naming.NameNotFoundException: Name [spring.liveBeansView.mbeanDomain] is not bound in this Context. Unable to find [spring.liveBeansView.mbeanDomain].
2017-01-09 18:51:39 DEBUG JndiTemplate:150 - Looking up JNDI object with name [spring.liveBeansView.mbeanDomain]
2017-01-09 18:51:39 DEBUG JndiPropertySource:99 - JNDI lookup for name [spring.liveBeansView.mbeanDomain] threw NamingException with message: Name [spring.liveBeansView.mbeanDomain] is not bound in this Context. Unable to find [spring.liveBeansView.mbeanDomain].. Returning null.
2017-01-09 18:51:39 DEBUG PropertySourcesPropertyResolver:91 - Could not find key 'spring.liveBeansView.mbeanDomain' in any property source
2017-01-09 18:51:39 DEBUG DispatcherServlet:568 - Published WebApplicationContext of servlet 'mvc-dispatcher' as ServletContext attribute with name [org.springframework.web.servlet.FrameworkServlet.CONTEXT.mvc-dispatcher]
2017-01-09 18:51:39 INFO  DispatcherServlet:508 - FrameworkServlet 'mvc-dispatcher': initialization completed in 3178 ms
2017-01-09 18:51:39 DEBUG DispatcherServlet:139 - Servlet 'mvc-dispatcher' configured successfully
2017-01-09 19:34:08 INFO  XmlWebApplicationContext:982 - Closing WebApplicationContext for namespace 'mvc-dispatcher-servlet': startup date [Mon Jan 09 18:51:36 AST 2017]; root of context hierarchy
2017-01-09 19:34:08 DEBUG DefaultListableBeanFactory:251 - Returning cached instance of singleton bean 'lifecycleProcessor'
2017-01-09 19:34:08 DEBUG DefaultListableBeanFactory:512 - Destroying singletons in org.springframework.beans.factory.support.DefaultListableBeanFactory@25b4013d: defining beans [hibernateConfiguration,ocrServiceController,org.springframework.context.annotation.internalConfigurationAnnotationProcessor,org.springframework.context.annotation.internalAutowiredAnnotationProcessor,org.springframework.context.annotation.internalRequiredAnnotationProcessor,org.springframework.context.annotation.internalCommonAnnotationProcessor,org.springframework.context.event.internalEventListenerProcessor,org.springframework.context.event.internalEventListenerFactory,mvcContentNegotiationManager,org.springframework.web.servlet.mvc.method.annotation.RequestMappingHandlerMapping,mvcCorsConfigurations,org.springframework.format.support.FormattingConversionServiceFactoryBean#0,org.springframework.validation.beanvalidation.OptionalValidatorFactoryBean#0,org.springframework.web.servlet.mvc.method.annotation.RequestMappingHandlerAdapter,mvcUriComponentsContributor,org.springframework.web.servlet.handler.MappedInterceptor#0,org.springframework.web.servlet.mvc.method.annotation.ExceptionHandlerExceptionResolver#0,org.springframework.web.servlet.mvc.annotation.ResponseStatusExceptionResolver#0,org.springframework.web.servlet.mvc.support.DefaultHandlerExceptionResolver#0,org.springframework.web.servlet.handler.BeanNameUrlHandlerMapping,org.springframework.web.servlet.mvc.HttpRequestHandlerAdapter,org.springframework.web.servlet.mvc.SimpleControllerHandlerAdapter,mvcResourceUrlProvider,org.springframework.web.servlet.handler.MappedInterceptor#1,org.springframework.web.servlet.resource.ResourceHttpRequestHandler#0,mvcPathMatcher,mvcUrlPathHelper,org.springframework.web.servlet.handler.SimpleUrlHandlerMapping#0,org.springframework.web.servlet.view.InternalResourceViewResolver#0,org.springframework.context.annotation.ConfigurationClassPostProcessor.importAwareProcessor,org.springframework.context.annotation.ConfigurationClassPostProcessor.enhancedConfigurationProcessor]; root of factory hierarchy
2017-01-09 19:34:08 DEBUG DefaultListableBeanFactory:568 - Retrieved dependent beans for bean 'org.springframework.validation.beanvalidation.OptionalValidatorFactoryBean#0': [(inner bean)#1f574840, (inner bean)#1f574840#1]
2017-01-09 19:34:08 DEBUG DefaultListableBeanFactory:568 - Retrieved dependent beans for bean '(inner bean)#1f574840': [org.springframework.web.servlet.mvc.method.annotation.RequestMappingHandlerAdapter]
2017-01-09 19:34:08 DEBUG DefaultListableBeanFactory:568 - Retrieved dependent beans for bean '(inner bean)#4d012a35': [org.springframework.web.servlet.mvc.method.annotation.RequestMappingHandlerAdapter]
2017-01-09 19:34:08 DEBUG DefaultListableBeanFactory:568 - Retrieved dependent beans for bean '(inner bean)#1f574840#1': [(inner bean)#6bb75e52]
2017-01-09 19:34:08 DEBUG DefaultListableBeanFactory:568 - Retrieved dependent beans for bean '(inner bean)#6bb75e52': [mvcUriComponentsContributor]
2017-01-09 19:34:08 DEBUG DefaultListableBeanFactory:568 - Retrieved dependent beans for bean '(inner bean)#4d012a35#1': [(inner bean)#6bb75e52]
2017-01-09 19:34:08 DEBUG DisposableBeanAdapter:259 - Invoking destroy() on bean with name 'org.springframework.validation.beanvalidation.OptionalValidatorFactoryBean#0'
2017-01-09 19:34:08 DEBUG DefaultListableBeanFactory:568 - Retrieved dependent beans for bean '(inner bean)#666ec8e2': [(inner bean)#4555b7b]
2017-01-09 19:34:08 DEBUG DefaultListableBeanFactory:568 - Retrieved dependent beans for bean '(inner bean)#4555b7b': [org.springframework.web.servlet.handler.MappedInterceptor#1]
